<?xml version="1.0" encoding="UTF-8"?>
<testsuite xmlns:xsi="http://www.w3.org/2001/XMLSchema-instance" xsi:noNamespaceSchemaLocation="https://maven.apache.org/surefire/maven-surefire-plugin/xsd/surefire-test-report-3.0.xsd" version="3.0" name="runners.Runner" time="249.488" tests="1" errors="0" skipped="0" failures="0">
  <properties>
[...]
</properties>
  <testcase name="Happy Path (positive) Testing Result from Search" classname="Testing Search Functionality Of Webstaurant Store" time="248.512">
    <system-out><![CDATA[
@QA_Regression
Scenario: Happy Path (positive) Testing Result from Search                                      &amp#27;[90m# src/test/resources/Search.feature:4&amp#27;[0m
  &amp#27;[32mGiven &amp#27;[0m&amp#27;[32mUser search for &amp#27;[0m&amp#27;[32m&amp#27;[1m'stainless work table'&amp#27;[0m                                                  &amp#27;[90m# stepdef.WebstaurantStoreStepDef.user_search_for(java.lang.String)&amp#27;[0m
{Regency 30" x 48" 16-Gauge Stainless Steel Equipment Stand with Galvanized Undershelf, 10" Plate Shelf, and 10" Stainless Steel Adjustable Work Surface=600ESP48KIT, Regency 24" x 24" 16-Gauge Stainless Steel Equipment Stand with Galvanized Undershelf and 10" Stainless Steel Adjustable Work Surface=600ES24KIT, Metro MS1830-FSNK PrepMate MultiStation with Stainless Steel and MetroSeal 3 Wire Shelving - 32" x 19 3/8" x 39 1/8"=461M1830FSNK, Metro CR2430DSS Drive-Thru Order Prep Station with Stainless Steel Shelving - 31 3/4" x 27 3/4" x 65 3/4"=461CR2430DSS, Regency 30" x 24" 16-Gauge Stainless Steel Equipment Stand with Galvanized Undershelf, 10" Plate Shelf, and 10" Stainless Steel Adjustable Work Surface=600ESP30KIT, Regency 30" x 48" 16-Gauge Stainless Steel Equipment Stand with Galvanized Undershelf and 10" Stainless Steel Adjustable Work Surface=600ES48KIT, Regency 30" x 36" 16-Gauge Stainless Steel Equipment Stand with Galvanized Undershelf and 10" Stainless Steel Adjustable Work Surface=600ES36KIT, Regency 24" x 24" 16-Gauge Stainless Steel Equipment Stand with Galvanized Undershelf, 10" Plate Shelf, and 10" Stainless Steel Adjustable Work Surface=600ESP24KIT, Regency 30" x 36" 16-Gauge Stainless Steel Equipment Stand with Galvanized Undershelf, 10" Plate Shelf, and 10" Stainless Steel Adjustable Work Surface=600ESP36KIT}
9
  &amp#27;[32mThen &amp#27;[0m&amp#27;[32mUser validates that each product title contains word &amp#27;[0m&amp#27;[32m&amp#27;[1m'Table'&amp#27;[0m                             &amp#27;[90m# stepdef.WebstaurantStoreStepDef.user_validates_that_each_product_title_contains_word(java.lang.String)&amp#27;[0m
  &amp#27;[32mAnd &amp#27;[0m&amp#27;[32mUser adds last item to cart and clears the cart to validate message &amp#27;[0m&amp#27;[32m&amp#27;[1m'Your cart is empty.'&amp#27;[0m &amp#27;[90m# stepdef.WebstaurantStoreStepDef.user_adds_last_item_to_cart_and_clears_the_cart_to_validate_message(java.lang.String)&amp#27;[0m
]]></system-out>
    <system-err><![CDATA[SLF4J: Failed to load class "org.slf4j.impl.StaticLoggerBinder".
SLF4J: Defaulting to no-operation (NOP) logger implementation
SLF4J: See http://www.slf4j.org/codes.html#StaticLoggerBinder for further details.
Starting ChromeDriver 113.0.5672.63 (0e1a4471d5ae5bf128b1bd8f4d627c8cbd55f70c-refs/branch-heads/5672@{#912}) on port 12688
Only local connections are allowed.
Please see https://chromedriver.chromium.org/security-considerations for suggestions on keeping ChromeDriver safe.
ChromeDriver was started successfully.
Jun 03, 2023 12:14:56 AM org.openqa.selenium.devtools.CdpVersionFinder findNearestMatch
WARNING: Unable to find an exact match for CDP version 113, so returning the closest version found: 111
]]></system-err>
  </testcase>
</testsuite>